{"level":"DEBUG","location":"[get_call:137] fyersModel","message":{"Status Code":422,"API":"/history"},"timestamp":"2025-01-20 13:38:17,461+0530","service":"FyersAPIRequest"}
{"level":"DEBUG","location":"[get_call:137] fyersModel","message":{"Status Code":200,"API":"/profile"},"timestamp":"2025-01-20 14:11:52,474+0530","service":"FyersAPIRequest"}
{"level":"DEBUG","location":"[get_call:137] fyersModel","message":{"Status Code":200,"API":"/profile"},"timestamp":"2025-01-20 14:13:27,646+0530","service":"FyersAPIRequest"}
{"level":"DEBUG","location":"[get_call:137] fyersModel","message":{"Status Code":200,"API":"/profile"},"timestamp":"2025-01-20 15:09:20,091+0530","service":"FyersAPIRequest"}
{"level":"DEBUG","location":"[get_call:137] fyersModel","message":{"Status Code":200,"API":"/profile"},"timestamp":"2025-01-20 15:09:50,147+0530","service":"FyersAPIRequest"}
{"level":"DEBUG","location":"[get_call:137] fyersModel","message":{"Status Code":200,"API":"/funds"},"timestamp":"2025-01-20 15:09:50,643+0530","service":"FyersAPIRequest"}
{"level":"DEBUG","location":"[get_call:137] fyersModel","message":{"Status Code":200,"API":"/profile"},"timestamp":"2025-01-20 15:22:23,669+0530","service":"FyersAPIRequest"}
{"level":"DEBUG","location":"[get_call:137] fyersModel","message":{"Status Code":200,"API":"/funds"},"timestamp":"2025-01-20 15:22:24,205+0530","service":"FyersAPIRequest"}
{"level":"DEBUG","location":"[get_call:137] fyersModel","message":{"Status Code":200,"API":"/profile"},"timestamp":"2025-01-20 15:23:21,763+0530","service":"FyersAPIRequest"}
{"level":"DEBUG","location":"[get_call:137] fyersModel","message":{"Status Code":200,"API":"/funds"},"timestamp":"2025-01-20 15:23:22,335+0530","service":"FyersAPIRequest"}
{"level":"DEBUG","location":"[get_call:137] fyersModel","message":{"Status Code":200,"API":"/profile"},"timestamp":"2025-01-20 15:54:40,910+0530","service":"FyersAPIRequest"}
{"level":"DEBUG","location":"[get_call:137] fyersModel","message":{"Status Code":200,"API":"/funds"},"timestamp":"2025-01-20 15:54:41,384+0530","service":"FyersAPIRequest"}
{"level":"DEBUG","location":"[get_call:137] fyersModel","message":{"Status Code":200,"API":"/holdings"},"timestamp":"2025-01-20 15:54:41,881+0530","service":"FyersAPIRequest"}
{"level":"DEBUG","location":"[get_call:137] fyersModel","message":{"Status Code":200,"API":"/profile"},"timestamp":"2025-01-20 15:57:24,487+0530","service":"FyersAPIRequest"}
{"level":"DEBUG","location":"[get_call:137] fyersModel","message":{"Status Code":200,"API":"/funds"},"timestamp":"2025-01-20 15:57:25,007+0530","service":"FyersAPIRequest"}
{"level":"DEBUG","location":"[get_call:137] fyersModel","message":{"Status Code":200,"API":"/holdings"},"timestamp":"2025-01-20 15:57:25,509+0530","service":"FyersAPIRequest"}
{"level":"DEBUG","location":"[get_call:137] fyersModel","message":{"Status Code":200,"API":"/profile"},"timestamp":"2025-02-01 23:12:02,044+0530","service":"FyersAPIRequest"}
{"level":"DEBUG","location":"[get_call:137] fyersModel","message":{"Status Code":200,"API":"/funds"},"timestamp":"2025-02-01 23:12:02,626+0530","service":"FyersAPIRequest"}
{"level":"DEBUG","location":"[get_call:137] fyersModel","message":{"Status Code":200,"API":"/holdings"},"timestamp":"2025-02-01 23:12:03,160+0530","service":"FyersAPIRequest"}
{"level":"DEBUG","location":"[get_call:137] fyersModel","message":{"Status Code":200,"API":"/profile"},"timestamp":"2025-02-02 00:28:51,209+0530","service":"FyersAPIRequest"}
{"level":"DEBUG","location":"[get_call:137] fyersModel","message":{"Status Code":200,"API":"/funds"},"timestamp":"2025-02-02 00:28:51,698+0530","service":"FyersAPIRequest"}
{"level":"DEBUG","location":"[get_call:137] fyersModel","message":{"Status Code":200,"API":"/holdings"},"timestamp":"2025-02-02 00:28:52,191+0530","service":"FyersAPIRequest"}
{"level":"DEBUG","location":"[get_call:137] fyersModel","message":{"Status Code":200,"API":"/profile"},"timestamp":"2025-02-02 00:29:38,573+0530","service":"FyersAPIRequest"}
{"level":"DEBUG","location":"[get_call:137] fyersModel","message":{"Status Code":200,"API":"/funds"},"timestamp":"2025-02-02 00:29:39,042+0530","service":"FyersAPIRequest"}
{"level":"DEBUG","location":"[get_call:137] fyersModel","message":{"Status Code":200,"API":"/holdings"},"timestamp":"2025-02-02 00:29:39,547+0530","service":"FyersAPIRequest"}
{"level":"DEBUG","location":"[get_call:137] fyersModel","message":{"Status Code":200,"API":"/orders"},"timestamp":"2025-02-02 00:29:40,059+0530","service":"FyersAPIRequest"}
{"level":"DEBUG","location":"[get_call:137] fyersModel","message":{"Status Code":200,"API":"/profile"},"timestamp":"2025-02-02 00:37:24,518+0530","service":"FyersAPIRequest"}
{"level":"DEBUG","location":"[get_call:137] fyersModel","message":{"Status Code":200,"API":"/funds"},"timestamp":"2025-02-02 00:37:25,040+0530","service":"FyersAPIRequest"}
{"level":"DEBUG","location":"[get_call:137] fyersModel","message":{"Status Code":200,"API":"/holdings"},"timestamp":"2025-02-02 00:37:25,517+0530","service":"FyersAPIRequest"}
{"level":"DEBUG","location":"[get_call:137] fyersModel","message":{"Status Code":200,"API":"/orders"},"timestamp":"2025-02-02 00:37:26,069+0530","service":"FyersAPIRequest"}
{"level":"DEBUG","location":"[get_call:137] fyersModel","message":{"Status Code":200,"API":"/profile"},"timestamp":"2025-02-02 23:06:52,124+0530","service":"FyersAPIRequest"}
{"level":"DEBUG","location":"[get_call:137] fyersModel","message":{"Status Code":200,"API":"/funds"},"timestamp":"2025-02-02 23:06:52,661+0530","service":"FyersAPIRequest"}
{"level":"DEBUG","location":"[get_call:137] fyersModel","message":{"Status Code":200,"API":"/holdings"},"timestamp":"2025-02-02 23:06:53,163+0530","service":"FyersAPIRequest"}
{"level":"DEBUG","location":"[get_call:137] fyersModel","message":{"Status Code":200,"API":"/orders"},"timestamp":"2025-02-02 23:06:53,700+0530","service":"FyersAPIRequest"}
{"level":"DEBUG","location":"[get_call:137] fyersModel","message":{"Status Code":200,"API":"/profile"},"timestamp":"2025-02-06 13:15:08,630+0530","service":"FyersAPIRequest"}
{"level":"DEBUG","location":"[get_call:137] fyersModel","message":{"Status Code":200,"API":"/funds"},"timestamp":"2025-02-06 13:15:09,602+0530","service":"FyersAPIRequest"}
{"level":"DEBUG","location":"[get_call:137] fyersModel","message":{"Status Code":200,"API":"/holdings"},"timestamp":"2025-02-06 13:15:10,607+0530","service":"FyersAPIRequest"}
{"level":"DEBUG","location":"[get_call:137] fyersModel","message":{"Status Code":200,"API":"/orders"},"timestamp":"2025-02-06 13:15:11,615+0530","service":"FyersAPIRequest"}
{"level":"DEBUG","location":"[get_call:137] fyersModel","message":{"Status Code":200,"API":"/profile"},"timestamp":"2025-02-06 13:18:43,136+0530","service":"FyersAPIRequest"}
{"level":"DEBUG","location":"[get_call:137] fyersModel","message":{"Status Code":200,"API":"/funds"},"timestamp":"2025-02-06 13:18:44,101+0530","service":"FyersAPIRequest"}
{"level":"DEBUG","location":"[get_call:137] fyersModel","message":{"Status Code":200,"API":"/holdings"},"timestamp":"2025-02-06 13:18:45,032+0530","service":"FyersAPIRequest"}
{"level":"DEBUG","location":"[get_call:137] fyersModel","message":{"Status Code":200,"API":"/orders"},"timestamp":"2025-02-06 13:18:46,008+0530","service":"FyersAPIRequest"}
{"level":"DEBUG","location":"[get_call:137] fyersModel","message":{"Status Code":200,"API":"/profile"},"timestamp":"2025-02-06 13:22:49,687+0530","service":"FyersAPIRequest"}
{"level":"DEBUG","location":"[get_call:137] fyersModel","message":{"Status Code":200,"API":"/funds"},"timestamp":"2025-02-06 13:22:50,705+0530","service":"FyersAPIRequest"}
{"level":"DEBUG","location":"[get_call:137] fyersModel","message":{"Status Code":200,"API":"/holdings"},"timestamp":"2025-02-06 13:22:51,609+0530","service":"FyersAPIRequest"}
{"level":"DEBUG","location":"[get_call:137] fyersModel","message":{"Status Code":200,"API":"/orders"},"timestamp":"2025-02-06 13:22:52,502+0530","service":"FyersAPIRequest"}
{"level":"DEBUG","location":"[get_call:137] fyersModel","message":{"Status Code":200,"API":"/profile"},"timestamp":"2025-02-06 13:57:59,270+0530","service":"FyersAPIRequest"}
{"level":"DEBUG","location":"[get_call:137] fyersModel","message":{"Status Code":200,"API":"/funds"},"timestamp":"2025-02-06 13:58:04,156+0530","service":"FyersAPIRequest"}
{"level":"DEBUG","location":"[get_call:137] fyersModel","message":{"Status Code":200,"API":"/holdings"},"timestamp":"2025-02-06 13:58:20,001+0530","service":"FyersAPIRequest"}
{"level":"DEBUG","location":"[get_call:137] fyersModel","message":{"Status Code":200,"API":"/orders"},"timestamp":"2025-02-06 14:26:33,834+0530","service":"FyersAPIRequest"}
{"level":"DEBUG","location":"[get_call:137] fyersModel","message":{"Status Code":200,"API":"/orders"},"timestamp":"2025-02-07 13:34:35,809+0530","service":"FyersAPIRequest"}
{"level":"DEBUG","location":"[get_call:137] fyersModel","message":{"Status Code":200,"API":"/holdings"},"timestamp":"2025-02-07 13:34:40,046+0530","service":"FyersAPIRequest"}
{"level":"DEBUG","location":"[post_call:78] fyersModel","message":{"Status Code":401,"API":"/orders/sync"},"timestamp":"2025-02-07 13:47:44,482+0530","service":"FyersAPIRequest"}
{"level":"DEBUG","location":"[post_call:78] fyersModel","message":{"Status Code":401,"API":"/orders/sync"},"timestamp":"2025-02-07 13:47:45,843+0530","service":"FyersAPIRequest"}
{"level":"DEBUG","location":"[post_call:78] fyersModel","message":{"Status Code":401,"API":"/orders/sync"},"timestamp":"2025-02-07 13:47:49,009+0530","service":"FyersAPIRequest"}
{"level":"DEBUG","location":"[post_call:78] fyersModel","message":{"Status Code":401,"API":"/orders/sync"},"timestamp":"2025-02-07 13:47:49,782+0530","service":"FyersAPIRequest"}
{"level":"DEBUG","location":"[post_call:78] fyersModel","message":{"Status Code":401,"API":"/orders/sync"},"timestamp":"2025-02-07 13:47:50,266+0530","service":"FyersAPIRequest"}
{"level":"DEBUG","location":"[post_call:78] fyersModel","message":{"Status Code":401,"API":"/orders/sync"},"timestamp":"2025-02-07 13:47:51,024+0530","service":"FyersAPIRequest"}
{"level":"DEBUG","location":"[post_call:78] fyersModel","message":{"Status Code":401,"API":"/orders/sync"},"timestamp":"2025-02-07 13:47:54,167+0530","service":"FyersAPIRequest"}
{"level":"DEBUG","location":"[post_call:78] fyersModel","message":{"Status Code":401,"API":"/orders/sync"},"timestamp":"2025-02-07 13:48:01,150+0530","service":"FyersAPIRequest"}
{"level":"DEBUG","location":"[post_call:78] fyersModel","message":{"Status Code":401,"API":"/orders/sync"},"timestamp":"2025-02-07 13:48:05,071+0530","service":"FyersAPIRequest"}
{"level":"DEBUG","location":"[post_call:78] fyersModel","message":{"Status Code":401,"API":"/orders/sync"},"timestamp":"2025-02-07 13:48:05,599+0530","service":"FyersAPIRequest"}
{"level":"DEBUG","location":"[post_call:78] fyersModel","message":{"Status Code":401,"API":"/orders/sync"},"timestamp":"2025-02-07 13:48:07,098+0530","service":"FyersAPIRequest"}
{"level":"DEBUG","location":"[post_call:78] fyersModel","message":{"Status Code":401,"API":"/orders/sync"},"timestamp":"2025-02-07 13:48:35,280+0530","service":"FyersAPIRequest"}
{"level":"DEBUG","location":"[post_call:78] fyersModel","message":{"Status Code":401,"API":"/orders/sync"},"timestamp":"2025-02-07 13:48:41,739+0530","service":"FyersAPIRequest"}
{"level":"DEBUG","location":"[post_call:78] fyersModel","message":{"Status Code":401,"API":"/orders/sync"},"timestamp":"2025-02-07 13:49:13,068+0530","service":"FyersAPIRequest"}
{"level":"DEBUG","location":"[post_call:78] fyersModel","message":{"Status Code":401,"API":"/orders/sync"},"timestamp":"2025-02-07 13:49:30,366+0530","service":"FyersAPIRequest"}
{"level":"DEBUG","location":"[post_call:78] fyersModel","message":{"Status Code":401,"API":"/orders/sync"},"timestamp":"2025-02-07 13:49:30,865+0530","service":"FyersAPIRequest"}
{"level":"DEBUG","location":"[post_call:78] fyersModel","message":{"Status Code":401,"API":"/orders/sync"},"timestamp":"2025-02-07 13:49:31,421+0530","service":"FyersAPIRequest"}
{"level":"DEBUG","location":"[post_call:78] fyersModel","message":{"Status Code":401,"API":"/orders/sync"},"timestamp":"2025-02-07 13:49:31,996+0530","service":"FyersAPIRequest"}
{"level":"DEBUG","location":"[post_call:78] fyersModel","message":{"Status Code":401,"API":"/orders/sync"},"timestamp":"2025-02-07 13:49:32,509+0530","service":"FyersAPIRequest"}
{"level":"DEBUG","location":"[post_call:78] fyersModel","message":{"Status Code":401,"API":"/orders/sync"},"timestamp":"2025-02-07 13:49:33,037+0530","service":"FyersAPIRequest"}
{"level":"DEBUG","location":"[post_call:78] fyersModel","message":{"Status Code":401,"API":"/orders/sync"},"timestamp":"2025-02-07 13:50:01,020+0530","service":"FyersAPIRequest"}
{"level":"DEBUG","location":"[post_call:78] fyersModel","message":{"Status Code":401,"API":"/orders/sync"},"timestamp":"2025-02-07 13:50:23,752+0530","service":"FyersAPIRequest"}
{"level":"DEBUG","location":"[post_call:78] fyersModel","message":{"Status Code":401,"API":"/orders/sync"},"timestamp":"2025-02-07 13:50:45,667+0530","service":"FyersAPIRequest"}
{"level":"DEBUG","location":"[post_call:78] fyersModel","message":{"Status Code":401,"API":"/orders/sync"},"timestamp":"2025-02-07 13:50:48,409+0530","service":"FyersAPIRequest"}
{"level":"DEBUG","location":"[post_call:78] fyersModel","message":{"Status Code":401,"API":"/orders/sync"},"timestamp":"2025-02-07 13:50:49,196+0530","service":"FyersAPIRequest"}
{"level":"DEBUG","location":"[post_call:78] fyersModel","message":{"Status Code":401,"API":"/orders/sync"},"timestamp":"2025-02-07 13:50:50,014+0530","service":"FyersAPIRequest"}
{"level":"DEBUG","location":"[post_call:78] fyersModel","message":{"Status Code":401,"API":"/orders/sync"},"timestamp":"2025-02-07 13:51:08,604+0530","service":"FyersAPIRequest"}
{"level":"DEBUG","location":"[post_call:78] fyersModel","message":{"Status Code":401,"API":"/orders/sync"},"timestamp":"2025-02-07 13:51:10,980+0530","service":"FyersAPIRequest"}
{"level":"DEBUG","location":"[post_call:78] fyersModel","message":{"Status Code":401,"API":"/orders/sync"},"timestamp":"2025-02-07 13:51:12,555+0530","service":"FyersAPIRequest"}
{"level":"DEBUG","location":"[post_call:78] fyersModel","message":{"Status Code":401,"API":"/orders/sync"},"timestamp":"2025-02-07 13:51:30,741+0530","service":"FyersAPIRequest"}
{"level":"DEBUG","location":"[post_call:78] fyersModel","message":{"Status Code":401,"API":"/orders/sync"},"timestamp":"2025-02-07 13:51:31,279+0530","service":"FyersAPIRequest"}
{"level":"DEBUG","location":"[post_call:78] fyersModel","message":{"Status Code":401,"API":"/orders/sync"},"timestamp":"2025-02-07 13:51:31,878+0530","service":"FyersAPIRequest"}
{"level":"DEBUG","location":"[post_call:78] fyersModel","message":{"Status Code":401,"API":"/orders/sync"},"timestamp":"2025-02-07 13:51:32,406+0530","service":"FyersAPIRequest"}
{"level":"DEBUG","location":"[post_call:78] fyersModel","message":{"Status Code":401,"API":"/orders/sync"},"timestamp":"2025-02-07 13:51:32,910+0530","service":"FyersAPIRequest"}
{"level":"DEBUG","location":"[post_call:78] fyersModel","message":{"Status Code":401,"API":"/orders/sync"},"timestamp":"2025-02-07 13:51:33,386+0530","service":"FyersAPIRequest"}
{"level":"DEBUG","location":"[post_call:78] fyersModel","message":{"Status Code":401,"API":"/orders/sync"},"timestamp":"2025-02-07 13:51:33,934+0530","service":"FyersAPIRequest"}
{"level":"DEBUG","location":"[post_call:78] fyersModel","message":{"Status Code":401,"API":"/orders/sync"},"timestamp":"2025-02-07 13:51:34,454+0530","service":"FyersAPIRequest"}
{"level":"DEBUG","location":"[post_call:78] fyersModel","message":{"Status Code":401,"API":"/orders/sync"},"timestamp":"2025-02-07 13:51:34,954+0530","service":"FyersAPIRequest"}
{"level":"DEBUG","location":"[post_call:78] fyersModel","message":{"Status Code":401,"API":"/orders/sync"},"timestamp":"2025-02-07 13:51:35,459+0530","service":"FyersAPIRequest"}
{"level":"DEBUG","location":"[post_call:78] fyersModel","message":{"Status Code":401,"API":"/orders/sync"},"timestamp":"2025-02-07 13:51:35,982+0530","service":"FyersAPIRequest"}
{"level":"DEBUG","location":"[post_call:78] fyersModel","message":{"Status Code":401,"API":"/orders/sync"},"timestamp":"2025-02-07 13:51:36,768+0530","service":"FyersAPIRequest"}
{"level":"DEBUG","location":"[post_call:78] fyersModel","message":{"Status Code":401,"API":"/orders/sync"},"timestamp":"2025-02-07 13:51:37,305+0530","service":"FyersAPIRequest"}
{"level":"DEBUG","location":"[post_call:78] fyersModel","message":{"Status Code":401,"API":"/orders/sync"},"timestamp":"2025-02-07 13:51:37,959+0530","service":"FyersAPIRequest"}
{"level":"DEBUG","location":"[post_call:78] fyersModel","message":{"Status Code":401,"API":"/orders/sync"},"timestamp":"2025-02-07 13:51:38,635+0530","service":"FyersAPIRequest"}
{"level":"DEBUG","location":"[post_call:78] fyersModel","message":{"Status Code":401,"API":"/orders/sync"},"timestamp":"2025-02-07 13:51:39,166+0530","service":"FyersAPIRequest"}
{"level":"DEBUG","location":"[post_call:78] fyersModel","message":{"Status Code":401,"API":"/orders/sync"},"timestamp":"2025-02-07 13:51:39,651+0530","service":"FyersAPIRequest"}
{"level":"DEBUG","location":"[post_call:78] fyersModel","message":{"Status Code":401,"API":"/orders/sync"},"timestamp":"2025-02-07 13:51:40,240+0530","service":"FyersAPIRequest"}
{"level":"DEBUG","location":"[post_call:78] fyersModel","message":{"Status Code":401,"API":"/orders/sync"},"timestamp":"2025-02-07 13:51:40,766+0530","service":"FyersAPIRequest"}
{"level":"DEBUG","location":"[post_call:78] fyersModel","message":{"Status Code":401,"API":"/orders/sync"},"timestamp":"2025-02-07 13:51:41,282+0530","service":"FyersAPIRequest"}
{"level":"DEBUG","location":"[post_call:78] fyersModel","message":{"Status Code":401,"API":"/orders/sync"},"timestamp":"2025-02-07 13:51:41,784+0530","service":"FyersAPIRequest"}
{"level":"DEBUG","location":"[post_call:78] fyersModel","message":{"Status Code":401,"API":"/orders/sync"},"timestamp":"2025-02-07 13:51:42,380+0530","service":"FyersAPIRequest"}
{"level":"DEBUG","location":"[post_call:78] fyersModel","message":{"Status Code":401,"API":"/orders/sync"},"timestamp":"2025-02-07 13:51:42,885+0530","service":"FyersAPIRequest"}
{"level":"DEBUG","location":"[post_call:78] fyersModel","message":{"Status Code":401,"API":"/orders/sync"},"timestamp":"2025-02-07 13:51:43,368+0530","service":"FyersAPIRequest"}
{"level":"DEBUG","location":"[post_call:78] fyersModel","message":{"Status Code":401,"API":"/orders/sync"},"timestamp":"2025-02-07 13:51:43,945+0530","service":"FyersAPIRequest"}
{"level":"DEBUG","location":"[post_call:78] fyersModel","message":{"Status Code":401,"API":"/orders/sync"},"timestamp":"2025-02-07 13:51:44,803+0530","service":"FyersAPIRequest"}
{"level":"DEBUG","location":"[post_call:78] fyersModel","message":{"Status Code":401,"API":"/orders/sync"},"timestamp":"2025-02-07 13:51:45,554+0530","service":"FyersAPIRequest"}
{"level":"DEBUG","location":"[post_call:78] fyersModel","message":{"Status Code":401,"API":"/orders/sync"},"timestamp":"2025-02-07 13:52:05,311+0530","service":"FyersAPIRequest"}
{"level":"DEBUG","location":"[post_call:78] fyersModel","message":{"Status Code":401,"API":"/orders/sync"},"timestamp":"2025-02-07 13:52:05,941+0530","service":"FyersAPIRequest"}
{"level":"DEBUG","location":"[post_call:78] fyersModel","message":{"Status Code":400,"API":"/orders/sync"},"timestamp":"2025-02-07 13:56:24,809+0530","service":"FyersAPIRequest"}
{"level":"DEBUG","location":"[post_call:78] fyersModel","message":{"Status Code":400,"API":"/orders/sync"},"timestamp":"2025-02-07 13:56:25,613+0530","service":"FyersAPIRequest"}
{"level":"DEBUG","location":"[post_call:78] fyersModel","message":{"Status Code":400,"API":"/orders/sync"},"timestamp":"2025-02-07 13:57:00,257+0530","service":"FyersAPIRequest"}
{"level":"DEBUG","location":"[post_call:78] fyersModel","message":{"Status Code":400,"API":"/orders/sync"},"timestamp":"2025-02-07 14:00:10,521+0530","service":"FyersAPIRequest"}
{"level":"DEBUG","location":"[post_call:78] fyersModel","message":{"Status Code":400,"API":"/orders/sync"},"timestamp":"2025-02-07 14:00:24,596+0530","service":"FyersAPIRequest"}
{"level":"DEBUG","location":"[post_call:78] fyersModel","message":{"Status Code":400,"API":"/orders/sync"},"timestamp":"2025-02-07 14:00:26,192+0530","service":"FyersAPIRequest"}
{"level":"DEBUG","location":"[post_call:78] fyersModel","message":{"Status Code":400,"API":"/orders/sync"},"timestamp":"2025-02-07 14:00:26,709+0530","service":"FyersAPIRequest"}
{"level":"DEBUG","location":"[post_call:78] fyersModel","message":{"Status Code":400,"API":"/orders/sync"},"timestamp":"2025-02-07 14:00:27,408+0530","service":"FyersAPIRequest"}
{"level":"DEBUG","location":"[post_call:78] fyersModel","message":{"Status Code":400,"API":"/orders/sync"},"timestamp":"2025-02-07 14:00:27,896+0530","service":"FyersAPIRequest"}
{"level":"DEBUG","location":"[post_call:78] fyersModel","message":{"Status Code":400,"API":"/orders/sync"},"timestamp":"2025-02-07 14:00:28,421+0530","service":"FyersAPIRequest"}
{"level":"DEBUG","location":"[post_call:78] fyersModel","message":{"Status Code":400,"API":"/orders/sync"},"timestamp":"2025-02-07 14:00:29,152+0530","service":"FyersAPIRequest"}
{"level":"DEBUG","location":"[post_call:78] fyersModel","message":{"Status Code":400,"API":"/orders/sync"},"timestamp":"2025-02-07 14:00:43,193+0530","service":"FyersAPIRequest"}
{"level":"DEBUG","location":"[post_call:78] fyersModel","message":{"Status Code":400,"API":"/orders/sync"},"timestamp":"2025-02-07 14:00:54,080+0530","service":"FyersAPIRequest"}
{"level":"DEBUG","location":"[post_call:78] fyersModel","message":{"Status Code":400,"API":"/orders/sync"},"timestamp":"2025-02-07 14:00:55,248+0530","service":"FyersAPIRequest"}
{"level":"DEBUG","location":"[post_call:78] fyersModel","message":{"Status Code":400,"API":"/orders/sync"},"timestamp":"2025-02-07 14:00:56,019+0530","service":"FyersAPIRequest"}
{"level":"DEBUG","location":"[post_call:78] fyersModel","message":{"Status Code":400,"API":"/orders/sync"},"timestamp":"2025-02-07 14:00:58,447+0530","service":"FyersAPIRequest"}
{"level":"DEBUG","location":"[post_call:78] fyersModel","message":{"Status Code":400,"API":"/orders/sync"},"timestamp":"2025-02-07 14:00:59,690+0530","service":"FyersAPIRequest"}
{"level":"DEBUG","location":"[post_call:78] fyersModel","message":{"Status Code":400,"API":"/orders/sync"},"timestamp":"2025-02-07 14:01:00,205+0530","service":"FyersAPIRequest"}
{"level":"DEBUG","location":"[post_call:78] fyersModel","message":{"Status Code":400,"API":"/orders/sync"},"timestamp":"2025-02-07 14:01:40,368+0530","service":"FyersAPIRequest"}
{"level":"DEBUG","location":"[post_call:78] fyersModel","message":{"Status Code":400,"API":"/orders/sync"},"timestamp":"2025-02-07 14:02:53,038+0530","service":"FyersAPIRequest"}
{"level":"DEBUG","location":"[post_call:78] fyersModel","message":{"Status Code":400,"API":"/orders/sync"},"timestamp":"2025-02-07 14:02:59,690+0530","service":"FyersAPIRequest"}
{"level":"DEBUG","location":"[post_call:78] fyersModel","message":{"Status Code":400,"API":"/orders/sync"},"timestamp":"2025-02-07 14:03:00,184+0530","service":"FyersAPIRequest"}
{"level":"DEBUG","location":"[post_call:78] fyersModel","message":{"Status Code":400,"API":"/orders/sync"},"timestamp":"2025-02-07 14:03:10,776+0530","service":"FyersAPIRequest"}
{"level":"DEBUG","location":"[post_call:78] fyersModel","message":{"Status Code":400,"API":"/orders/sync"},"timestamp":"2025-02-07 14:03:12,772+0530","service":"FyersAPIRequest"}
{"level":"DEBUG","location":"[post_call:78] fyersModel","message":{"Status Code":400,"API":"/orders/sync"},"timestamp":"2025-02-07 14:03:13,262+0530","service":"FyersAPIRequest"}
{"level":"DEBUG","location":"[post_call:78] fyersModel","message":{"Status Code":400,"API":"/orders/sync"},"timestamp":"2025-02-07 14:03:13,749+0530","service":"FyersAPIRequest"}
{"level":"DEBUG","location":"[post_call:78] fyersModel","message":{"Status Code":400,"API":"/orders/sync"},"timestamp":"2025-02-07 14:04:31,220+0530","service":"FyersAPIRequest"}
{"level":"DEBUG","location":"[post_call:78] fyersModel","message":{"Status Code":400,"API":"/orders/sync"},"timestamp":"2025-02-07 14:04:42,484+0530","service":"FyersAPIRequest"}
{"level":"DEBUG","location":"[post_call:78] fyersModel","message":{"Status Code":400,"API":"/orders/sync"},"timestamp":"2025-02-07 14:04:43,308+0530","service":"FyersAPIRequest"}
{"level":"DEBUG","location":"[post_call:78] fyersModel","message":{"Status Code":400,"API":"/orders/sync"},"timestamp":"2025-02-07 14:04:43,793+0530","service":"FyersAPIRequest"}
{"level":"DEBUG","location":"[post_call:78] fyersModel","message":{"Status Code":400,"API":"/orders/sync"},"timestamp":"2025-02-07 14:04:44,503+0530","service":"FyersAPIRequest"}
{"level":"DEBUG","location":"[post_call:78] fyersModel","message":{"Status Code":400,"API":"/orders/sync"},"timestamp":"2025-02-07 14:05:12,908+0530","service":"FyersAPIRequest"}
{"level":"DEBUG","location":"[post_call:78] fyersModel","message":{"Status Code":400,"API":"/orders/sync"},"timestamp":"2025-02-07 14:05:13,373+0530","service":"FyersAPIRequest"}
{"level":"DEBUG","location":"[post_call:78] fyersModel","message":{"Status Code":400,"API":"/orders/sync"},"timestamp":"2025-02-07 14:05:13,836+0530","service":"FyersAPIRequest"}
{"level":"DEBUG","location":"[post_call:78] fyersModel","message":{"Status Code":400,"API":"/orders/sync"},"timestamp":"2025-02-07 14:05:14,895+0530","service":"FyersAPIRequest"}
{"level":"DEBUG","location":"[post_call:78] fyersModel","message":{"Status Code":400,"API":"/orders/sync"},"timestamp":"2025-02-07 14:05:15,388+0530","service":"FyersAPIRequest"}
{"level":"DEBUG","location":"[post_call:78] fyersModel","message":{"Status Code":400,"API":"/orders/sync"},"timestamp":"2025-02-07 14:05:15,863+0530","service":"FyersAPIRequest"}
{"level":"DEBUG","location":"[post_call:78] fyersModel","message":{"Status Code":400,"API":"/orders/sync"},"timestamp":"2025-02-07 14:05:16,738+0530","service":"FyersAPIRequest"}
{"level":"DEBUG","location":"[post_call:78] fyersModel","message":{"Status Code":400,"API":"/orders/sync"},"timestamp":"2025-02-07 14:05:17,249+0530","service":"FyersAPIRequest"}
{"level":"DEBUG","location":"[post_call:78] fyersModel","message":{"Status Code":400,"API":"/orders/sync"},"timestamp":"2025-02-07 14:05:43,277+0530","service":"FyersAPIRequest"}
{"level":"DEBUG","location":"[post_call:78] fyersModel","message":{"Status Code":400,"API":"/orders/sync"},"timestamp":"2025-02-07 14:05:43,745+0530","service":"FyersAPIRequest"}
{"level":"DEBUG","location":"[post_call:78] fyersModel","message":{"Status Code":400,"API":"/orders/sync"},"timestamp":"2025-02-07 14:05:44,221+0530","service":"FyersAPIRequest"}
{"level":"DEBUG","location":"[post_call:78] fyersModel","message":{"Status Code":400,"API":"/orders/sync"},"timestamp":"2025-02-07 14:05:44,868+0530","service":"FyersAPIRequest"}
{"level":"DEBUG","location":"[post_call:78] fyersModel","message":{"Status Code":400,"API":"/orders/sync"},"timestamp":"2025-02-07 14:05:53,781+0530","service":"FyersAPIRequest"}
{"level":"DEBUG","location":"[post_call:78] fyersModel","message":{"Status Code":400,"API":"/orders/sync"},"timestamp":"2025-02-07 14:05:54,606+0530","service":"FyersAPIRequest"}
{"level":"DEBUG","location":"[post_call:78] fyersModel","message":{"Status Code":400,"API":"/orders/sync"},"timestamp":"2025-02-07 14:05:56,200+0530","service":"FyersAPIRequest"}
{"level":"DEBUG","location":"[post_call:78] fyersModel","message":{"Status Code":400,"API":"/orders/sync"},"timestamp":"2025-02-07 14:05:57,430+0530","service":"FyersAPIRequest"}
{"level":"DEBUG","location":"[get_call:137] fyersModel","message":{"Status Code":200,"API":"/orders"},"timestamp":"2025-02-07 14:17:22,174+0530","service":"FyersAPIRequest"}
{"level":"DEBUG","location":"[post_call:78] fyersModel","message":{"Status Code":400,"API":"/orders/sync"},"timestamp":"2025-02-07 14:17:41,790+0530","service":"FyersAPIRequest"}
{"level":"DEBUG","location":"[post_call:78] fyersModel","message":{"Status Code":400,"API":"/orders/sync"},"timestamp":"2025-02-07 14:17:42,904+0530","service":"FyersAPIRequest"}
{"level":"DEBUG","location":"[post_call:78] fyersModel","message":{"Status Code":400,"API":"/orders/sync"},"timestamp":"2025-02-07 14:18:00,615+0530","service":"FyersAPIRequest"}
{"level":"DEBUG","location":"[post_call:78] fyersModel","message":{"Status Code":400,"API":"/orders/sync"},"timestamp":"2025-02-07 14:20:46,302+0530","service":"FyersAPIRequest"}
{"level":"DEBUG","location":"[post_call:78] fyersModel","message":{"Status Code":400,"API":"/orders/sync"},"timestamp":"2025-02-07 14:21:08,020+0530","service":"FyersAPIRequest"}
{"level":"DEBUG","location":"[post_call:78] fyersModel","message":{"Status Code":400,"API":"/orders/sync"},"timestamp":"2025-02-07 14:21:08,805+0530","service":"FyersAPIRequest"}
{"level":"DEBUG","location":"[post_call:78] fyersModel","message":{"Status Code":400,"API":"/orders/sync"},"timestamp":"2025-02-07 14:22:00,664+0530","service":"FyersAPIRequest"}
{"level":"DEBUG","location":"[post_call:78] fyersModel","message":{"Status Code":400,"API":"/orders/sync"},"timestamp":"2025-02-07 14:22:01,188+0530","service":"FyersAPIRequest"}
{"level":"DEBUG","location":"[post_call:78] fyersModel","message":{"Status Code":400,"API":"/orders/sync"},"timestamp":"2025-02-07 14:22:24,139+0530","service":"FyersAPIRequest"}
{"level":"DEBUG","location":"[post_call:78] fyersModel","message":{"Status Code":400,"API":"/orders/sync"},"timestamp":"2025-02-07 14:22:24,923+0530","service":"FyersAPIRequest"}
{"level":"DEBUG","location":"[post_call:78] fyersModel","message":{"Status Code":400,"API":"/orders/sync"},"timestamp":"2025-02-07 14:22:31,210+0530","service":"FyersAPIRequest"}
{"level":"DEBUG","location":"[post_call:78] fyersModel","message":{"Status Code":400,"API":"/orders/sync"},"timestamp":"2025-02-07 14:27:11,201+0530","service":"FyersAPIRequest"}
{"level":"DEBUG","location":"[post_call:78] fyersModel","message":{"Status Code":400,"API":"/orders/sync"},"timestamp":"2025-02-07 14:27:14,867+0530","service":"FyersAPIRequest"}
{"level":"DEBUG","location":"[post_call:78] fyersModel","message":{"Status Code":400,"API":"/orders/sync"},"timestamp":"2025-02-07 14:27:15,637+0530","service":"FyersAPIRequest"}
{"level":"DEBUG","location":"[post_call:78] fyersModel","message":{"Status Code":400,"API":"/orders/sync"},"timestamp":"2025-02-07 14:27:43,752+0530","service":"FyersAPIRequest"}
{"level":"DEBUG","location":"[post_call:78] fyersModel","message":{"Status Code":400,"API":"/orders/sync"},"timestamp":"2025-02-07 14:27:44,262+0530","service":"FyersAPIRequest"}
{"level":"DEBUG","location":"[post_call:78] fyersModel","message":{"Status Code":400,"API":"/orders/sync"},"timestamp":"2025-02-07 14:27:44,747+0530","service":"FyersAPIRequest"}
{"level":"DEBUG","location":"[post_call:78] fyersModel","message":{"Status Code":400,"API":"/orders/sync"},"timestamp":"2025-02-07 14:27:45,335+0530","service":"FyersAPIRequest"}
{"level":"DEBUG","location":"[post_call:78] fyersModel","message":{"Status Code":400,"API":"/orders/sync"},"timestamp":"2025-02-07 14:27:46,176+0530","service":"FyersAPIRequest"}
{"level":"DEBUG","location":"[post_call:78] fyersModel","message":{"Status Code":400,"API":"/orders/sync"},"timestamp":"2025-02-07 14:27:49,426+0530","service":"FyersAPIRequest"}
{"level":"DEBUG","location":"[post_call:78] fyersModel","message":{"Status Code":400,"API":"/orders/sync"},"timestamp":"2025-02-07 14:27:50,119+0530","service":"FyersAPIRequest"}
{"level":"DEBUG","location":"[post_call:78] fyersModel","message":{"Status Code":400,"API":"/orders/sync"},"timestamp":"2025-02-07 14:28:12,716+0530","service":"FyersAPIRequest"}
{"level":"DEBUG","location":"[post_call:78] fyersModel","message":{"Status Code":400,"API":"/orders/sync"},"timestamp":"2025-02-07 14:28:23,207+0530","service":"FyersAPIRequest"}
{"level":"DEBUG","location":"[post_call:78] fyersModel","message":{"Status Code":200,"API":"/orders/sync"},"timestamp":"2025-02-07 14:32:46,250+0530","service":"FyersAPIRequest"}
{"level":"DEBUG","location":"[post_call:78] fyersModel","message":{"Status Code":200,"API":"/orders/sync"},"timestamp":"2025-02-07 14:37:47,850+0530","service":"FyersAPIRequest"}
{"level":"DEBUG","location":"[post_call:78] fyersModel","message":{"Status Code":200,"API":"/orders/sync"},"timestamp":"2025-02-07 14:38:20,814+0530","service":"FyersAPIRequest"}
{"level":"DEBUG","location":"[post_call:78] fyersModel","message":{"Status Code":200,"API":"/orders/sync"},"timestamp":"2025-02-07 14:38:30,546+0530","service":"FyersAPIRequest"}
{"level":"DEBUG","location":"[post_call:78] fyersModel","message":{"Status Code":200,"API":"/orders/sync"},"timestamp":"2025-02-07 14:38:31,877+0530","service":"FyersAPIRequest"}
{"level":"DEBUG","location":"[post_call:78] fyersModel","message":{"Status Code":200,"API":"/orders/sync"},"timestamp":"2025-02-07 14:38:32,962+0530","service":"FyersAPIRequest"}
{"level":"DEBUG","location":"[post_call:78] fyersModel","message":{"Status Code":200,"API":"/orders/sync"},"timestamp":"2025-02-07 14:38:34,223+0530","service":"FyersAPIRequest"}
{"level":"DEBUG","location":"[get_call:137] fyersModel","message":{"Status Code":200,"API":"/orders"},"timestamp":"2025-02-07 14:38:43,064+0530","service":"FyersAPIRequest"}
{"level":"DEBUG","location":"[post_call:78] fyersModel","message":{"Status Code":200,"API":"/orders/sync"},"timestamp":"2025-02-07 14:39:19,274+0530","service":"FyersAPIRequest"}
{"level":"DEBUG","location":"[post_call:78] fyersModel","message":{"Status Code":200,"API":"/orders/sync"},"timestamp":"2025-02-07 14:39:20,521+0530","service":"FyersAPIRequest"}
{"level":"DEBUG","location":"[post_call:78] fyersModel","message":{"Status Code":200,"API":"/orders/sync"},"timestamp":"2025-02-07 14:39:24,929+0530","service":"FyersAPIRequest"}
{"level":"DEBUG","location":"[post_call:78] fyersModel","message":{"Status Code":200,"API":"/orders/sync"},"timestamp":"2025-02-07 14:39:26,049+0530","service":"FyersAPIRequest"}
{"level":"DEBUG","location":"[post_call:78] fyersModel","message":{"Status Code":200,"API":"/orders/sync"},"timestamp":"2025-02-07 14:39:28,426+0530","service":"FyersAPIRequest"}
{"level":"DEBUG","location":"[post_call:78] fyersModel","message":{"Status Code":200,"API":"/orders/sync"},"timestamp":"2025-02-07 14:39:30,119+0530","service":"FyersAPIRequest"}
{"level":"DEBUG","location":"[post_call:78] fyersModel","message":{"Status Code":200,"API":"/orders/sync"},"timestamp":"2025-02-07 14:39:31,278+0530","service":"FyersAPIRequest"}
{"level":"DEBUG","location":"[post_call:78] fyersModel","message":{"Status Code":200,"API":"/orders/sync"},"timestamp":"2025-02-07 14:39:35,804+0530","service":"FyersAPIRequest"}
{"level":"DEBUG","location":"[post_call:78] fyersModel","message":{"Status Code":200,"API":"/orders/sync"},"timestamp":"2025-02-07 14:39:37,071+0530","service":"FyersAPIRequest"}
{"level":"DEBUG","location":"[post_call:78] fyersModel","message":{"Status Code":200,"API":"/orders/sync"},"timestamp":"2025-02-07 14:39:41,657+0530","service":"FyersAPIRequest"}
{"level":"DEBUG","location":"[post_call:78] fyersModel","message":{"Status Code":200,"API":"/orders/sync"},"timestamp":"2025-02-07 14:39:42,276+0530","service":"FyersAPIRequest"}
{"level":"DEBUG","location":"[post_call:78] fyersModel","message":{"Status Code":200,"API":"/orders/sync"},"timestamp":"2025-02-07 14:39:46,556+0530","service":"FyersAPIRequest"}
{"level":"DEBUG","location":"[post_call:78] fyersModel","message":{"Status Code":200,"API":"/orders/sync"},"timestamp":"2025-02-07 14:39:48,019+0530","service":"FyersAPIRequest"}
{"level":"DEBUG","location":"[post_call:78] fyersModel","message":{"Status Code":200,"API":"/orders/sync"},"timestamp":"2025-02-07 14:41:52,456+0530","service":"FyersAPIRequest"}
{"level":"DEBUG","location":"[post_call:78] fyersModel","message":{"Status Code":200,"API":"/orders/sync"},"timestamp":"2025-02-07 14:41:54,825+0530","service":"FyersAPIRequest"}
{"level":"DEBUG","location":"[post_call:78] fyersModel","message":{"Status Code":200,"API":"/orders/sync"},"timestamp":"2025-02-07 14:41:55,810+0530","service":"FyersAPIRequest"}
{"level":"DEBUG","location":"[post_call:78] fyersModel","message":{"Status Code":200,"API":"/orders/sync"},"timestamp":"2025-02-07 14:41:56,503+0530","service":"FyersAPIRequest"}
{"level":"DEBUG","location":"[post_call:78] fyersModel","message":{"Status Code":200,"API":"/orders/sync"},"timestamp":"2025-02-07 14:41:57,462+0530","service":"FyersAPIRequest"}
{"level":"DEBUG","location":"[post_call:78] fyersModel","message":{"Status Code":200,"API":"/orders/sync"},"timestamp":"2025-02-07 14:42:00,166+0530","service":"FyersAPIRequest"}
{"level":"DEBUG","location":"[post_call:78] fyersModel","message":{"Status Code":200,"API":"/orders/sync"},"timestamp":"2025-02-07 14:42:01,727+0530","service":"FyersAPIRequest"}
{"level":"DEBUG","location":"[post_call:78] fyersModel","message":{"Status Code":200,"API":"/orders/sync"},"timestamp":"2025-02-07 14:42:02,324+0530","service":"FyersAPIRequest"}
{"level":"DEBUG","location":"[post_call:78] fyersModel","message":{"Status Code":200,"API":"/orders/sync"},"timestamp":"2025-02-07 14:42:07,765+0530","service":"FyersAPIRequest"}
{"level":"DEBUG","location":"[post_call:78] fyersModel","message":{"Status Code":200,"API":"/orders/sync"},"timestamp":"2025-02-07 14:42:09,033+0530","service":"FyersAPIRequest"}
{"level":"DEBUG","location":"[post_call:78] fyersModel","message":{"Status Code":200,"API":"/orders/sync"},"timestamp":"2025-02-07 14:42:10,547+0530","service":"FyersAPIRequest"}
{"level":"DEBUG","location":"[get_call:137] fyersModel","message":{"Status Code":200,"API":"/orders"},"timestamp":"2025-02-07 14:43:50,416+0530","service":"FyersAPIRequest"}
{"level":"DEBUG","location":"[post_call:78] fyersModel","message":{"Status Code":200,"API":"/orders/sync"},"timestamp":"2025-02-07 14:44:24,034+0530","service":"FyersAPIRequest"}
{"level":"DEBUG","location":"[post_call:78] fyersModel","message":{"Status Code":200,"API":"/orders/sync"},"timestamp":"2025-02-07 14:46:17,534+0530","service":"FyersAPIRequest"}
{"level":"DEBUG","location":"[post_call:78] fyersModel","message":{"Status Code":200,"API":"/orders/sync"},"timestamp":"2025-02-07 14:46:48,138+0530","service":"FyersAPIRequest"}
{"level":"DEBUG","location":"[post_call:78] fyersModel","message":{"Status Code":200,"API":"/orders/sync"},"timestamp":"2025-02-07 14:46:51,670+0530","service":"FyersAPIRequest"}
{"level":"DEBUG","location":"[post_call:78] fyersModel","message":{"Status Code":200,"API":"/orders/sync"},"timestamp":"2025-02-07 14:46:52,470+0530","service":"FyersAPIRequest"}
{"level":"DEBUG","location":"[post_call:78] fyersModel","message":{"Status Code":200,"API":"/orders/sync"},"timestamp":"2025-02-07 14:47:09,825+0530","service":"FyersAPIRequest"}
{"level":"DEBUG","location":"[post_call:78] fyersModel","message":{"Status Code":200,"API":"/orders/sync"},"timestamp":"2025-02-07 14:47:10,517+0530","service":"FyersAPIRequest"}
{"level":"DEBUG","location":"[post_call:78] fyersModel","message":{"Status Code":200,"API":"/orders/sync"},"timestamp":"2025-02-07 14:47:11,883+0530","service":"FyersAPIRequest"}
{"level":"DEBUG","location":"[post_call:78] fyersModel","message":{"Status Code":200,"API":"/orders/sync"},"timestamp":"2025-02-07 14:50:10,088+0530","service":"FyersAPIRequest"}
{"level":"DEBUG","location":"[get_call:137] fyersModel","message":{"Status Code":200,"API":"/orders"},"timestamp":"2025-02-07 14:59:13,685+0530","service":"FyersAPIRequest"}
{"level":"DEBUG","location":"[get_call:137] fyersModel","message":{"Status Code":200,"API":"/orders"},"timestamp":"2025-02-07 15:05:35,028+0530","service":"FyersAPIRequest"}
{"level":"DEBUG","location":"[get_call:137] fyersModel","message":{"Status Code":200,"API":"/orders"},"timestamp":"2025-02-07 15:07:06,768+0530","service":"FyersAPIRequest"}
{"level":"DEBUG","location":"[get_call:137] fyersModel","message":{"Status Code":200,"API":"/orders"},"timestamp":"2025-02-07 15:08:59,997+0530","service":"FyersAPIRequest"}
{"level":"DEBUG","location":"[post_call:78] fyersModel","message":{"Status Code":200,"API":"/orders/sync"},"timestamp":"2025-02-07 15:09:41,878+0530","service":"FyersAPIRequest"}
{"level":"DEBUG","location":"[post_call:78] fyersModel","message":{"Status Code":200,"API":"/orders/sync"},"timestamp":"2025-02-07 15:09:56,432+0530","service":"FyersAPIRequest"}
{"level":"DEBUG","location":"[post_call:78] fyersModel","message":{"Status Code":200,"API":"/orders/sync"},"timestamp":"2025-02-07 15:10:08,046+0530","service":"FyersAPIRequest"}
{"level":"DEBUG","location":"[post_call:78] fyersModel","message":{"Status Code":200,"API":"/orders/sync"},"timestamp":"2025-02-07 15:10:33,431+0530","service":"FyersAPIRequest"}
{"level":"DEBUG","location":"[post_call:78] fyersModel","message":{"Status Code":200,"API":"/orders/sync"},"timestamp":"2025-02-07 15:10:55,774+0530","service":"FyersAPIRequest"}
{"level":"DEBUG","location":"[post_call:78] fyersModel","message":{"Status Code":200,"API":"/orders/sync"},"timestamp":"2025-02-07 15:11:01,937+0530","service":"FyersAPIRequest"}
{"level":"DEBUG","location":"[post_call:78] fyersModel","message":{"Status Code":200,"API":"/orders/sync"},"timestamp":"2025-02-07 15:11:15,576+0530","service":"FyersAPIRequest"}
{"level":"DEBUG","location":"[post_call:78] fyersModel","message":{"Status Code":200,"API":"/orders/sync"},"timestamp":"2025-02-07 15:11:22,795+0530","service":"FyersAPIRequest"}
{"level":"DEBUG","location":"[post_call:78] fyersModel","message":{"Status Code":200,"API":"/orders/sync"},"timestamp":"2025-02-07 15:11:23,589+0530","service":"FyersAPIRequest"}
{"level":"DEBUG","location":"[post_call:78] fyersModel","message":{"Status Code":200,"API":"/orders/sync"},"timestamp":"2025-02-07 15:11:29,705+0530","service":"FyersAPIRequest"}
{"level":"DEBUG","location":"[post_call:78] fyersModel","message":{"Status Code":200,"API":"/orders/sync"},"timestamp":"2025-02-07 15:11:33,702+0530","service":"FyersAPIRequest"}
{"level":"DEBUG","location":"[post_call:78] fyersModel","message":{"Status Code":200,"API":"/orders/sync"},"timestamp":"2025-02-07 15:11:34,568+0530","service":"FyersAPIRequest"}
{"level":"DEBUG","location":"[post_call:78] fyersModel","message":{"Status Code":200,"API":"/orders/sync"},"timestamp":"2025-02-07 15:11:41,221+0530","service":"FyersAPIRequest"}
{"level":"DEBUG","location":"[post_call:78] fyersModel","message":{"Status Code":200,"API":"/orders/sync"},"timestamp":"2025-02-07 15:11:48,550+0530","service":"FyersAPIRequest"}
{"level":"DEBUG","location":"[post_call:78] fyersModel","message":{"Status Code":200,"API":"/orders/sync"},"timestamp":"2025-02-07 15:11:52,582+0530","service":"FyersAPIRequest"}
{"level":"DEBUG","location":"[post_call:78] fyersModel","message":{"Status Code":200,"API":"/orders/sync"},"timestamp":"2025-02-07 15:11:59,784+0530","service":"FyersAPIRequest"}
{"level":"DEBUG","location":"[post_call:78] fyersModel","message":{"Status Code":200,"API":"/orders/sync"},"timestamp":"2025-02-07 15:12:18,331+0530","service":"FyersAPIRequest"}
{"level":"DEBUG","location":"[post_call:78] fyersModel","message":{"Status Code":200,"API":"/orders/sync"},"timestamp":"2025-02-07 15:12:24,259+0530","service":"FyersAPIRequest"}
{"level":"DEBUG","location":"[post_call:78] fyersModel","message":{"Status Code":200,"API":"/orders/sync"},"timestamp":"2025-02-07 15:12:34,427+0530","service":"FyersAPIRequest"}
{"level":"DEBUG","location":"[post_call:78] fyersModel","message":{"Status Code":200,"API":"/orders/sync"},"timestamp":"2025-02-07 15:12:35,034+0530","service":"FyersAPIRequest"}
{"level":"DEBUG","location":"[post_call:78] fyersModel","message":{"Status Code":200,"API":"/orders/sync"},"timestamp":"2025-02-07 15:12:35,631+0530","service":"FyersAPIRequest"}
{"level":"DEBUG","location":"[post_call:78] fyersModel","message":{"Status Code":200,"API":"/orders/sync"},"timestamp":"2025-02-07 15:12:46,739+0530","service":"FyersAPIRequest"}
{"level":"DEBUG","location":"[post_call:78] fyersModel","message":{"Status Code":200,"API":"/orders/sync"},"timestamp":"2025-02-07 15:12:51,708+0530","service":"FyersAPIRequest"}
{"level":"DEBUG","location":"[post_call:78] fyersModel","message":{"Status Code":200,"API":"/orders/sync"},"timestamp":"2025-02-07 15:12:58,877+0530","service":"FyersAPIRequest"}
{"level":"DEBUG","location":"[post_call:78] fyersModel","message":{"Status Code":200,"API":"/orders/sync"},"timestamp":"2025-02-07 15:13:10,706+0530","service":"FyersAPIRequest"}
{"level":"DEBUG","location":"[post_call:78] fyersModel","message":{"Status Code":200,"API":"/orders/sync"},"timestamp":"2025-02-07 15:13:15,850+0530","service":"FyersAPIRequest"}
{"level":"DEBUG","location":"[post_call:78] fyersModel","message":{"Status Code":200,"API":"/orders/sync"},"timestamp":"2025-02-07 15:13:19,505+0530","service":"FyersAPIRequest"}
{"level":"DEBUG","location":"[post_call:78] fyersModel","message":{"Status Code":200,"API":"/orders/sync"},"timestamp":"2025-02-07 15:13:25,410+0530","service":"FyersAPIRequest"}
{"level":"DEBUG","location":"[post_call:78] fyersModel","message":{"Status Code":200,"API":"/orders/sync"},"timestamp":"2025-02-07 15:13:25,989+0530","service":"FyersAPIRequest"}
{"level":"DEBUG","location":"[post_call:78] fyersModel","message":{"Status Code":200,"API":"/orders/sync"},"timestamp":"2025-02-07 15:13:28,675+0530","service":"FyersAPIRequest"}
{"level":"DEBUG","location":"[post_call:78] fyersModel","message":{"Status Code":200,"API":"/orders/sync"},"timestamp":"2025-02-07 15:13:31,718+0530","service":"FyersAPIRequest"}
{"level":"DEBUG","location":"[post_call:78] fyersModel","message":{"Status Code":200,"API":"/orders/sync"},"timestamp":"2025-02-07 15:13:32,305+0530","service":"FyersAPIRequest"}
{"level":"DEBUG","location":"[post_call:78] fyersModel","message":{"Status Code":200,"API":"/orders/sync"},"timestamp":"2025-02-07 15:13:32,885+0530","service":"FyersAPIRequest"}
{"level":"DEBUG","location":"[post_call:78] fyersModel","message":{"Status Code":200,"API":"/orders/sync"},"timestamp":"2025-02-07 15:13:34,756+0530","service":"FyersAPIRequest"}
{"level":"DEBUG","location":"[post_call:78] fyersModel","message":{"Status Code":200,"API":"/orders/sync"},"timestamp":"2025-02-07 15:13:38,764+0530","service":"FyersAPIRequest"}
{"level":"DEBUG","location":"[post_call:78] fyersModel","message":{"Status Code":200,"API":"/orders/sync"},"timestamp":"2025-02-07 15:13:39,624+0530","service":"FyersAPIRequest"}
{"level":"DEBUG","location":"[post_call:78] fyersModel","message":{"Status Code":200,"API":"/orders/sync"},"timestamp":"2025-02-07 15:13:45,523+0530","service":"FyersAPIRequest"}
{"level":"DEBUG","location":"[post_call:78] fyersModel","message":{"Status Code":200,"API":"/orders/sync"},"timestamp":"2025-02-07 15:13:57,220+0530","service":"FyersAPIRequest"}
{"level":"DEBUG","location":"[post_call:78] fyersModel","message":{"Status Code":200,"API":"/orders/sync"},"timestamp":"2025-02-07 15:14:02,441+0530","service":"FyersAPIRequest"}
{"level":"DEBUG","location":"[post_call:78] fyersModel","message":{"Status Code":200,"API":"/orders/sync"},"timestamp":"2025-02-07 15:14:04,938+0530","service":"FyersAPIRequest"}
{"level":"DEBUG","location":"[post_call:78] fyersModel","message":{"Status Code":200,"API":"/orders/sync"},"timestamp":"2025-02-07 15:14:11,776+0530","service":"FyersAPIRequest"}
{"level":"DEBUG","location":"[post_call:78] fyersModel","message":{"Status Code":200,"API":"/orders/sync"},"timestamp":"2025-02-07 15:14:13,438+0530","service":"FyersAPIRequest"}
{"level":"DEBUG","location":"[post_call:78] fyersModel","message":{"Status Code":200,"API":"/orders/sync"},"timestamp":"2025-02-07 15:14:17,825+0530","service":"FyersAPIRequest"}
{"level":"DEBUG","location":"[post_call:78] fyersModel","message":{"Status Code":200,"API":"/orders/sync"},"timestamp":"2025-02-07 15:14:31,045+0530","service":"FyersAPIRequest"}
{"level":"DEBUG","location":"[post_call:78] fyersModel","message":{"Status Code":200,"API":"/orders/sync"},"timestamp":"2025-02-07 15:14:47,924+0530","service":"FyersAPIRequest"}
{"level":"DEBUG","location":"[post_call:78] fyersModel","message":{"Status Code":200,"API":"/orders/sync"},"timestamp":"2025-02-07 15:14:53,032+0530","service":"FyersAPIRequest"}
{"level":"DEBUG","location":"[post_call:78] fyersModel","message":{"Status Code":200,"API":"/orders/sync"},"timestamp":"2025-02-07 15:14:53,624+0530","service":"FyersAPIRequest"}
{"level":"DEBUG","location":"[post_call:78] fyersModel","message":{"Status Code":200,"API":"/orders/sync"},"timestamp":"2025-02-07 15:15:05,614+0530","service":"FyersAPIRequest"}
{"level":"DEBUG","location":"[post_call:78] fyersModel","message":{"Status Code":200,"API":"/orders/sync"},"timestamp":"2025-02-07 15:15:11,584+0530","service":"FyersAPIRequest"}
{"level":"DEBUG","location":"[post_call:78] fyersModel","message":{"Status Code":200,"API":"/orders/sync"},"timestamp":"2025-02-07 15:15:15,185+0530","service":"FyersAPIRequest"}
{"level":"DEBUG","location":"[post_call:78] fyersModel","message":{"Status Code":200,"API":"/orders/sync"},"timestamp":"2025-02-07 15:15:23,260+0530","service":"FyersAPIRequest"}
{"level":"DEBUG","location":"[post_call:78] fyersModel","message":{"Status Code":200,"API":"/orders/sync"},"timestamp":"2025-02-07 15:15:29,022+0530","service":"FyersAPIRequest"}
{"level":"DEBUG","location":"[post_call:78] fyersModel","message":{"Status Code":200,"API":"/orders/sync"},"timestamp":"2025-02-07 15:15:33,780+0530","service":"FyersAPIRequest"}
{"level":"DEBUG","location":"[post_call:78] fyersModel","message":{"Status Code":200,"API":"/orders/sync"},"timestamp":"2025-02-07 15:15:41,080+0530","service":"FyersAPIRequest"}
{"level":"DEBUG","location":"[post_call:78] fyersModel","message":{"Status Code":200,"API":"/orders/sync"},"timestamp":"2025-02-07 15:16:02,328+0530","service":"FyersAPIRequest"}
{"level":"DEBUG","location":"[post_call:78] fyersModel","message":{"Status Code":200,"API":"/orders/sync"},"timestamp":"2025-02-07 15:16:05,963+0530","service":"FyersAPIRequest"}
{"level":"DEBUG","location":"[post_call:78] fyersModel","message":{"Status Code":200,"API":"/orders/sync"},"timestamp":"2025-02-07 15:16:06,548+0530","service":"FyersAPIRequest"}
{"level":"DEBUG","location":"[post_call:78] fyersModel","message":{"Status Code":200,"API":"/orders/sync"},"timestamp":"2025-02-07 15:16:08,777+0530","service":"FyersAPIRequest"}
{"level":"DEBUG","location":"[post_call:78] fyersModel","message":{"Status Code":200,"API":"/orders/sync"},"timestamp":"2025-02-07 15:16:17,137+0530","service":"FyersAPIRequest"}
{"level":"DEBUG","location":"[post_call:78] fyersModel","message":{"Status Code":200,"API":"/orders/sync"},"timestamp":"2025-02-07 15:16:17,715+0530","service":"FyersAPIRequest"}
{"level":"DEBUG","location":"[post_call:78] fyersModel","message":{"Status Code":200,"API":"/orders/sync"},"timestamp":"2025-02-07 15:16:18,826+0530","service":"FyersAPIRequest"}
{"level":"DEBUG","location":"[post_call:78] fyersModel","message":{"Status Code":200,"API":"/orders/sync"},"timestamp":"2025-02-07 15:16:24,993+0530","service":"FyersAPIRequest"}
{"level":"DEBUG","location":"[post_call:78] fyersModel","message":{"Status Code":200,"API":"/orders/sync"},"timestamp":"2025-02-07 15:16:30,471+0530","service":"FyersAPIRequest"}
{"level":"DEBUG","location":"[post_call:78] fyersModel","message":{"Status Code":200,"API":"/orders/sync"},"timestamp":"2025-02-07 15:16:32,941+0530","service":"FyersAPIRequest"}
{"level":"DEBUG","location":"[post_call:78] fyersModel","message":{"Status Code":200,"API":"/orders/sync"},"timestamp":"2025-02-07 15:16:36,462+0530","service":"FyersAPIRequest"}
{"level":"DEBUG","location":"[post_call:78] fyersModel","message":{"Status Code":200,"API":"/orders/sync"},"timestamp":"2025-02-07 15:16:40,072+0530","service":"FyersAPIRequest"}
{"level":"DEBUG","location":"[post_call:78] fyersModel","message":{"Status Code":200,"API":"/orders/sync"},"timestamp":"2025-02-07 15:16:40,938+0530","service":"FyersAPIRequest"}
{"level":"DEBUG","location":"[post_call:78] fyersModel","message":{"Status Code":200,"API":"/orders/sync"},"timestamp":"2025-02-07 15:16:41,587+0530","service":"FyersAPIRequest"}
{"level":"DEBUG","location":"[post_call:78] fyersModel","message":{"Status Code":200,"API":"/orders/sync"},"timestamp":"2025-02-07 15:16:42,540+0530","service":"FyersAPIRequest"}
{"level":"DEBUG","location":"[post_call:78] fyersModel","message":{"Status Code":200,"API":"/orders/sync"},"timestamp":"2025-02-07 15:16:47,682+0530","service":"FyersAPIRequest"}
{"level":"DEBUG","location":"[post_call:78] fyersModel","message":{"Status Code":200,"API":"/orders/sync"},"timestamp":"2025-02-07 15:16:54,234+0530","service":"FyersAPIRequest"}
{"level":"DEBUG","location":"[post_call:78] fyersModel","message":{"Status Code":200,"API":"/orders/sync"},"timestamp":"2025-02-07 15:17:00,290+0530","service":"FyersAPIRequest"}
{"level":"DEBUG","location":"[post_call:78] fyersModel","message":{"Status Code":200,"API":"/orders/sync"},"timestamp":"2025-02-07 15:17:05,832+0530","service":"FyersAPIRequest"}
{"level":"DEBUG","location":"[post_call:78] fyersModel","message":{"Status Code":200,"API":"/orders/sync"},"timestamp":"2025-02-07 15:17:07,768+0530","service":"FyersAPIRequest"}
{"level":"DEBUG","location":"[post_call:78] fyersModel","message":{"Status Code":200,"API":"/orders/sync"},"timestamp":"2025-02-07 15:17:11,833+0530","service":"FyersAPIRequest"}
{"level":"DEBUG","location":"[post_call:78] fyersModel","message":{"Status Code":200,"API":"/orders/sync"},"timestamp":"2025-02-07 15:17:36,154+0530","service":"FyersAPIRequest"}
{"level":"DEBUG","location":"[post_call:78] fyersModel","message":{"Status Code":200,"API":"/orders/sync"},"timestamp":"2025-02-07 15:17:40,819+0530","service":"FyersAPIRequest"}
{"level":"DEBUG","location":"[post_call:78] fyersModel","message":{"Status Code":200,"API":"/orders/sync"},"timestamp":"2025-02-07 15:17:42,472+0530","service":"FyersAPIRequest"}
{"level":"DEBUG","location":"[post_call:78] fyersModel","message":{"Status Code":200,"API":"/orders/sync"},"timestamp":"2025-02-07 15:17:49,294+0530","service":"FyersAPIRequest"}
{"level":"DEBUG","location":"[post_call:78] fyersModel","message":{"Status Code":200,"API":"/orders/sync"},"timestamp":"2025-02-07 15:17:51,342+0530","service":"FyersAPIRequest"}
{"level":"DEBUG","location":"[post_call:78] fyersModel","message":{"Status Code":200,"API":"/orders/sync"},"timestamp":"2025-02-07 15:18:08,212+0530","service":"FyersAPIRequest"}
{"level":"DEBUG","location":"[post_call:78] fyersModel","message":{"Status Code":200,"API":"/orders/sync"},"timestamp":"2025-02-07 15:18:29,838+0530","service":"FyersAPIRequest"}
{"level":"DEBUG","location":"[post_call:78] fyersModel","message":{"Status Code":200,"API":"/orders/sync"},"timestamp":"2025-02-07 15:18:33,422+0530","service":"FyersAPIRequest"}
{"level":"DEBUG","location":"[post_call:78] fyersModel","message":{"Status Code":200,"API":"/orders/sync"},"timestamp":"2025-02-07 15:18:38,322+0530","service":"FyersAPIRequest"}
{"level":"DEBUG","location":"[post_call:78] fyersModel","message":{"Status Code":200,"API":"/orders/sync"},"timestamp":"2025-02-07 15:18:38,882+0530","service":"FyersAPIRequest"}
{"level":"DEBUG","location":"[post_call:78] fyersModel","message":{"Status Code":200,"API":"/orders/sync"},"timestamp":"2025-02-07 15:18:40,274+0530","service":"FyersAPIRequest"}
{"level":"DEBUG","location":"[post_call:78] fyersModel","message":{"Status Code":200,"API":"/orders/sync"},"timestamp":"2025-02-07 15:18:42,692+0530","service":"FyersAPIRequest"}
{"level":"DEBUG","location":"[post_call:78] fyersModel","message":{"Status Code":200,"API":"/orders/sync"},"timestamp":"2025-02-07 15:18:43,499+0530","service":"FyersAPIRequest"}
{"level":"DEBUG","location":"[post_call:78] fyersModel","message":{"Status Code":200,"API":"/orders/sync"},"timestamp":"2025-02-07 15:18:44,274+0530","service":"FyersAPIRequest"}
{"level":"DEBUG","location":"[post_call:78] fyersModel","message":{"Status Code":200,"API":"/orders/sync"},"timestamp":"2025-02-07 15:18:46,289+0530","service":"FyersAPIRequest"}
{"level":"DEBUG","location":"[post_call:78] fyersModel","message":{"Status Code":200,"API":"/orders/sync"},"timestamp":"2025-02-07 15:18:48,836+0530","service":"FyersAPIRequest"}
{"level":"DEBUG","location":"[post_call:78] fyersModel","message":{"Status Code":200,"API":"/orders/sync"},"timestamp":"2025-02-07 15:18:49,658+0530","service":"FyersAPIRequest"}
{"level":"DEBUG","location":"[post_call:78] fyersModel","message":{"Status Code":200,"API":"/orders/sync"},"timestamp":"2025-02-07 15:18:50,386+0530","service":"FyersAPIRequest"}
{"level":"DEBUG","location":"[post_call:78] fyersModel","message":{"Status Code":200,"API":"/orders/sync"},"timestamp":"2025-02-07 15:18:54,386+0530","service":"FyersAPIRequest"}
{"level":"DEBUG","location":"[post_call:78] fyersModel","message":{"Status Code":200,"API":"/orders/sync"},"timestamp":"2025-02-07 15:18:55,188+0530","service":"FyersAPIRequest"}
{"level":"DEBUG","location":"[get_call:137] fyersModel","message":{"Status Code":200,"API":"/holdings"},"timestamp":"2025-02-07 15:19:02,786+0530","service":"FyersAPIRequest"}
{"level":"DEBUG","location":"[get_call:137] fyersModel","message":{"Status Code":200,"API":"/funds"},"timestamp":"2025-02-07 15:19:10,184+0530","service":"FyersAPIRequest"}
{"level":"DEBUG","location":"[get_call:137] fyersModel","message":{"Status Code":200,"API":"/orders"},"timestamp":"2025-02-07 15:20:11,938+0530","service":"FyersAPIRequest"}
